This file contains any messages produced by compilers while
running configure, to aid debugging if configure makes a mistake.

It was created by coevol-range configure version-0.1, which was
generated by GNU Autoconf 2.69.  Invocation command line was

  $ ./configure 

## --------- ##
## Platform. ##
## --------- ##

hostname = beryllium.fo.am
uname -m = x86_64
uname -r = 4.1.5-x86_64-linode61
uname -s = Linux
uname -v = #7 SMP Mon Aug 24 13:46:31 EDT 2015

/usr/bin/uname -p = unknown
/bin/uname -X     = unknown

/bin/arch              = unknown
/usr/bin/arch -k       = unknown
/usr/convex/getsysinfo = unknown
/usr/bin/hostinfo      = unknown
/bin/machine           = unknown
/usr/bin/oslevel       = unknown
/bin/universe          = unknown

PATH: /usr/local/bin
PATH: /usr/bin
PATH: /bin
PATH: /usr/local/games
PATH: /usr/games


## ----------- ##
## Core tests. ##
## ----------- ##

configure:2105: checking for gcc
configure:2121: found /usr/bin/gcc
configure:2132: result: gcc
configure:2361: checking for C compiler version
configure:2370: gcc --version >&5
gcc (Debian 4.9.2-10) 4.9.2
Copyright (C) 2014 Free Software Foundation, Inc.
This is free software; see the source for copying conditions.  There is NO
warranty; not even for MERCHANTABILITY or FITNESS FOR A PARTICULAR PURPOSE.

configure:2381: $? = 0
configure:2370: gcc -v >&5
Using built-in specs.
COLLECT_GCC=gcc
COLLECT_LTO_WRAPPER=/usr/lib/gcc/x86_64-linux-gnu/4.9/lto-wrapper
Target: x86_64-linux-gnu
Configured with: ../src/configure -v --with-pkgversion='Debian 4.9.2-10' --with-bugurl=file:///usr/share/doc/gcc-4.9/README.Bugs --enable-languages=c,c++,java,go,d,fortran,objc,obj-c++ --prefix=/usr --program-suffix=-4.9 --enable-shared --enable-linker-build-id --libexecdir=/usr/lib --without-included-gettext --enable-threads=posix --with-gxx-include-dir=/usr/include/c++/4.9 --libdir=/usr/lib --enable-nls --with-sysroot=/ --enable-clocale=gnu --enable-libstdcxx-debug --enable-libstdcxx-time=yes --enable-gnu-unique-object --disable-vtable-verify --enable-plugin --with-system-zlib --disable-browser-plugin --enable-java-awt=gtk --enable-gtk-cairo --with-java-home=/usr/lib/jvm/java-1.5.0-gcj-4.9-amd64/jre --enable-java-home --with-jvm-root-dir=/usr/lib/jvm/java-1.5.0-gcj-4.9-amd64 --with-jvm-jar-dir=/usr/lib/jvm-exports/java-1.5.0-gcj-4.9-amd64 --with-arch-directory=amd64 --with-ecj-jar=/usr/share/java/eclipse-ecj.jar --enable-objc-gc --enable-multiarch --with-arch-32=i586 --with-abi=m64 --with-multilib-list=m32,m64,mx32 --enable-multilib --with-tune=generic --enable-checking=release --build=x86_64-linux-gnu --host=x86_64-linux-gnu --target=x86_64-linux-gnu
Thread model: posix
gcc version 4.9.2 (Debian 4.9.2-10) 
configure:2381: $? = 0
configure:2370: gcc -V >&5
gcc: error: unrecognized command line option '-V'
gcc: fatal error: no input files
compilation terminated.
configure:2381: $? = 4
configure:2370: gcc -qversion >&5
gcc: error: unrecognized command line option '-qversion'
gcc: fatal error: no input files
compilation terminated.
configure:2381: $? = 4
configure:2401: checking whether the C compiler works
configure:2423: gcc    conftest.c  >&5
configure:2427: $? = 0
configure:2475: result: yes
configure:2478: checking for C compiler default output file name
configure:2480: result: a.out
configure:2486: checking for suffix of executables
configure:2493: gcc -o conftest    conftest.c  >&5
configure:2497: $? = 0
configure:2519: result: 
configure:2541: checking whether we are cross compiling
configure:2549: gcc -o conftest    conftest.c  >&5
configure:2553: $? = 0
configure:2560: ./conftest
configure:2564: $? = 0
configure:2579: result: no
configure:2584: checking for suffix of object files
configure:2606: gcc -c   conftest.c >&5
configure:2610: $? = 0
configure:2631: result: o
configure:2635: checking whether we are using the GNU C compiler
configure:2654: gcc -c   conftest.c >&5
configure:2654: $? = 0
configure:2663: result: yes
configure:2672: checking whether gcc accepts -g
configure:2692: gcc -c -g  conftest.c >&5
configure:2692: $? = 0
configure:2733: result: yes
configure:2750: checking for gcc option to accept ISO C89
configure:2813: gcc  -c -g -O2  conftest.c >&5
configure:2813: $? = 0
configure:2826: result: none needed
configure:2848: checking for cos in -lm
configure:2873: gcc -o conftest -g -O2   conftest.c -lm   >&5
conftest.c:16:6: warning: conflicting types for built-in function 'cos'
 char cos ();
      ^
configure:2873: $? = 0
configure:2882: result: yes
configure:2893: checking for main in -lportaudio
configure:2912: gcc -o conftest -g -O2   conftest.c -lportaudio  -lm  >&5
/usr/bin/ld: cannot find -lportaudio
collect2: error: ld returned 1 exit status
configure:2912: $? = 1
configure: failed program was:
| /* confdefs.h */
| #define PACKAGE_NAME "coevol-range"
| #define PACKAGE_TARNAME "coevol-range"
| #define PACKAGE_VERSION "version-0.1"
| #define PACKAGE_STRING "coevol-range version-0.1"
| #define PACKAGE_BUGREPORT ""
| #define PACKAGE_URL ""
| #define HAVE_LIBM 1
| /* end confdefs.h.  */
| 
| 
| int
| main ()
| {
| return main ();
|   ;
|   return 0;
| }
configure:2921: result: no
configure:2932: checking for main in -lsndfile
configure:2951: gcc -o conftest -g -O2   conftest.c -lsndfile  -lm  >&5
configure:2951: $? = 0
configure:2960: result: yes
configure:2973: checking for main in -ljellyfish
configure:2992: gcc -o conftest -g -O2   conftest.c -ljellyfish  -lsndfile -lm  >&5
/usr/bin/ld: cannot find -ljellyfish
collect2: error: ld returned 1 exit status
configure:2992: $? = 1
configure: failed program was:
| /* confdefs.h */
| #define PACKAGE_NAME "coevol-range"
| #define PACKAGE_TARNAME "coevol-range"
| #define PACKAGE_VERSION "version-0.1"
| #define PACKAGE_STRING "coevol-range version-0.1"
| #define PACKAGE_BUGREPORT ""
| #define PACKAGE_URL ""
| #define HAVE_LIBM 1
| #define HAVE_LIBSNDFILE 1
| /* end confdefs.h.  */
| 
| 
| int
| main ()
| {
| return main ();
|   ;
|   return 0;
| }
configure:3001: result: no
configure:3071: checking for g++
configure:3087: found /usr/bin/g++
configure:3098: result: g++
configure:3125: checking for C++ compiler version
configure:3134: g++ --version >&5
g++ (Debian 4.9.2-10) 4.9.2
Copyright (C) 2014 Free Software Foundation, Inc.
This is free software; see the source for copying conditions.  There is NO
warranty; not even for MERCHANTABILITY or FITNESS FOR A PARTICULAR PURPOSE.

configure:3145: $? = 0
configure:3134: g++ -v >&5
Using built-in specs.
COLLECT_GCC=g++
COLLECT_LTO_WRAPPER=/usr/lib/gcc/x86_64-linux-gnu/4.9/lto-wrapper
Target: x86_64-linux-gnu
Configured with: ../src/configure -v --with-pkgversion='Debian 4.9.2-10' --with-bugurl=file:///usr/share/doc/gcc-4.9/README.Bugs --enable-languages=c,c++,java,go,d,fortran,objc,obj-c++ --prefix=/usr --program-suffix=-4.9 --enable-shared --enable-linker-build-id --libexecdir=/usr/lib --without-included-gettext --enable-threads=posix --with-gxx-include-dir=/usr/include/c++/4.9 --libdir=/usr/lib --enable-nls --with-sysroot=/ --enable-clocale=gnu --enable-libstdcxx-debug --enable-libstdcxx-time=yes --enable-gnu-unique-object --disable-vtable-verify --enable-plugin --with-system-zlib --disable-browser-plugin --enable-java-awt=gtk --enable-gtk-cairo --with-java-home=/usr/lib/jvm/java-1.5.0-gcj-4.9-amd64/jre --enable-java-home --with-jvm-root-dir=/usr/lib/jvm/java-1.5.0-gcj-4.9-amd64 --with-jvm-jar-dir=/usr/lib/jvm-exports/java-1.5.0-gcj-4.9-amd64 --with-arch-directory=amd64 --with-ecj-jar=/usr/share/java/eclipse-ecj.jar --enable-objc-gc --enable-multiarch --with-arch-32=i586 --with-abi=m64 --with-multilib-list=m32,m64,mx32 --enable-multilib --with-tune=generic --enable-checking=release --build=x86_64-linux-gnu --host=x86_64-linux-gnu --target=x86_64-linux-gnu
Thread model: posix
gcc version 4.9.2 (Debian 4.9.2-10) 
configure:3145: $? = 0
configure:3134: g++ -V >&5
g++: error: unrecognized command line option '-V'
g++: fatal error: no input files
compilation terminated.
configure:3145: $? = 4
configure:3134: g++ -qversion >&5
g++: error: unrecognized command line option '-qversion'
g++: fatal error: no input files
compilation terminated.
configure:3145: $? = 4
configure:3149: checking whether we are using the GNU C++ compiler
configure:3168: g++ -c   conftest.cpp >&5
configure:3168: $? = 0
configure:3177: result: yes
configure:3186: checking whether g++ accepts -g
configure:3206: g++ -c -g  conftest.cpp >&5
configure:3206: $? = 0
configure:3247: result: yes
configure:3282: checking how to run the C++ preprocessor
configure:3309: g++ -E  conftest.cpp
configure:3309: $? = 0
configure:3323: g++ -E  conftest.cpp
conftest.cpp:11:28: fatal error: ac_nonexistent.h: No such file or directory
 #include <ac_nonexistent.h>
                            ^
compilation terminated.
configure:3323: $? = 1
configure: failed program was:
| /* confdefs.h */
| #define PACKAGE_NAME "coevol-range"
| #define PACKAGE_TARNAME "coevol-range"
| #define PACKAGE_VERSION "version-0.1"
| #define PACKAGE_STRING "coevol-range version-0.1"
| #define PACKAGE_BUGREPORT ""
| #define PACKAGE_URL ""
| #define HAVE_LIBM 1
| #define HAVE_LIBSNDFILE 1
| /* end confdefs.h.  */
| #include <ac_nonexistent.h>
configure:3348: result: g++ -E
configure:3368: g++ -E  conftest.cpp
configure:3368: $? = 0
configure:3382: g++ -E  conftest.cpp
conftest.cpp:11:28: fatal error: ac_nonexistent.h: No such file or directory
 #include <ac_nonexistent.h>
                            ^
compilation terminated.
configure:3382: $? = 1
configure: failed program was:
| /* confdefs.h */
| #define PACKAGE_NAME "coevol-range"
| #define PACKAGE_TARNAME "coevol-range"
| #define PACKAGE_VERSION "version-0.1"
| #define PACKAGE_STRING "coevol-range version-0.1"
| #define PACKAGE_BUGREPORT ""
| #define PACKAGE_URL ""
| #define HAVE_LIBM 1
| #define HAVE_LIBSNDFILE 1
| /* end confdefs.h.  */
| #include <ac_nonexistent.h>
configure:3411: checking for grep that handles long lines and -e
configure:3469: result: /bin/grep
configure:3474: checking for egrep
configure:3536: result: /bin/grep -E
configure:3541: checking for ANSI C header files
configure:3561: g++ -c -g -O2  conftest.cpp >&5
configure:3561: $? = 0
configure:3634: g++ -o conftest -g -O2   conftest.cpp -lsndfile -lm  >&5
configure:3634: $? = 0
configure:3634: ./conftest
configure:3634: $? = 0
configure:3645: result: yes
configure:3658: checking for sys/types.h
configure:3658: g++ -c -g -O2  conftest.cpp >&5
configure:3658: $? = 0
configure:3658: result: yes
configure:3658: checking for sys/stat.h
configure:3658: g++ -c -g -O2  conftest.cpp >&5
configure:3658: $? = 0
configure:3658: result: yes
configure:3658: checking for stdlib.h
configure:3658: g++ -c -g -O2  conftest.cpp >&5
configure:3658: $? = 0
configure:3658: result: yes
configure:3658: checking for string.h
configure:3658: g++ -c -g -O2  conftest.cpp >&5
configure:3658: $? = 0
configure:3658: result: yes
configure:3658: checking for memory.h
configure:3658: g++ -c -g -O2  conftest.cpp >&5
configure:3658: $? = 0
configure:3658: result: yes
configure:3658: checking for strings.h
configure:3658: g++ -c -g -O2  conftest.cpp >&5
configure:3658: $? = 0
configure:3658: result: yes
configure:3658: checking for inttypes.h
configure:3658: g++ -c -g -O2  conftest.cpp >&5
configure:3658: $? = 0
configure:3658: result: yes
configure:3658: checking for stdint.h
configure:3658: g++ -c -g -O2  conftest.cpp >&5
configure:3658: $? = 0
configure:3658: result: yes
configure:3658: checking for unistd.h
configure:3658: g++ -c -g -O2  conftest.cpp >&5
configure:3658: $? = 0
configure:3658: result: yes
configure:3672: checking iostream usability
configure:3672: g++ -c -g -O2  conftest.cpp >&5
configure:3672: $? = 0
configure:3672: result: yes
configure:3672: checking iostream presence
configure:3672: g++ -E  conftest.cpp
configure:3672: $? = 0
configure:3672: result: yes
configure:3672: checking for iostream
configure:3672: result: yes
configure:3801: creating ./config.status

## ---------------------- ##
## Running config.status. ##
## ---------------------- ##

This file was extended by coevol-range config.status version-0.1, which was
generated by GNU Autoconf 2.69.  Invocation command line was

  CONFIG_FILES    = 
  CONFIG_HEADERS  = 
  CONFIG_LINKS    = 
  CONFIG_COMMANDS = 
  $ ./config.status 

on beryllium.fo.am

config.status:803: creating Makefile
config.status:803: creating src/config.h

## ---------------- ##
## Cache variables. ##
## ---------------- ##

ac_cv_c_compiler_gnu=yes
ac_cv_cxx_compiler_gnu=yes
ac_cv_env_CCC_set=
ac_cv_env_CCC_value=
ac_cv_env_CC_set=
ac_cv_env_CC_value=
ac_cv_env_CFLAGS_set=
ac_cv_env_CFLAGS_value=
ac_cv_env_CPPFLAGS_set=
ac_cv_env_CPPFLAGS_value=
ac_cv_env_CXXCPP_set=
ac_cv_env_CXXCPP_value=
ac_cv_env_CXXFLAGS_set=
ac_cv_env_CXXFLAGS_value=
ac_cv_env_CXX_set=
ac_cv_env_CXX_value=
ac_cv_env_LDFLAGS_set=
ac_cv_env_LDFLAGS_value=
ac_cv_env_LIBS_set=
ac_cv_env_LIBS_value=
ac_cv_env_build_alias_set=
ac_cv_env_build_alias_value=
ac_cv_env_host_alias_set=
ac_cv_env_host_alias_value=
ac_cv_env_target_alias_set=
ac_cv_env_target_alias_value=
ac_cv_header_inttypes_h=yes
ac_cv_header_iostream=yes
ac_cv_header_memory_h=yes
ac_cv_header_stdc=yes
ac_cv_header_stdint_h=yes
ac_cv_header_stdlib_h=yes
ac_cv_header_string_h=yes
ac_cv_header_strings_h=yes
ac_cv_header_sys_stat_h=yes
ac_cv_header_sys_types_h=yes
ac_cv_header_unistd_h=yes
ac_cv_lib_jellyfish_main=no
ac_cv_lib_m_cos=yes
ac_cv_lib_portaudio_main=no
ac_cv_lib_sndfile_main=yes
ac_cv_objext=o
ac_cv_path_EGREP='/bin/grep -E'
ac_cv_path_GREP=/bin/grep
ac_cv_prog_CXXCPP='g++ -E'
ac_cv_prog_ac_ct_CC=gcc
ac_cv_prog_ac_ct_CXX=g++
ac_cv_prog_cc_c89=
ac_cv_prog_cc_g=yes
ac_cv_prog_cxx_g=yes

## ----------------- ##
## Output variables. ##
## ----------------- ##

CC='gcc'
CFLAGS='-g -O2'
CPPFLAGS=''
CXX='g++'
CXXCPP='g++ -E'
CXXFLAGS='-g -O2'
DEFS='-DHAVE_CONFIG_H'
ECHO_C=''
ECHO_N='-n'
ECHO_T=''
EGREP='/bin/grep -E'
EXEEXT=''
GREP='/bin/grep'
LDFLAGS=''
LIBOBJS=''
LIBS='-lsndfile -lm '
LTLIBOBJS=''
OBJEXT='o'
PACKAGE_BUGREPORT=''
PACKAGE_NAME='coevol-range'
PACKAGE_STRING='coevol-range version-0.1'
PACKAGE_TARNAME='coevol-range'
PACKAGE_URL=''
PACKAGE_VERSION='version-0.1'
PATH_SEPARATOR=':'
SHELL='/bin/bash'
ac_ct_CC='gcc'
ac_ct_CXX='g++'
bindir='${exec_prefix}/bin'
build_alias=''
datadir='${datarootdir}'
datarootdir='${prefix}/share'
docdir='${datarootdir}/doc/${PACKAGE_TARNAME}'
dvidir='${docdir}'
exec_prefix='${prefix}'
host_alias=''
htmldir='${docdir}'
includedir='${prefix}/include'
infodir='${datarootdir}/info'
libdir='${exec_prefix}/lib'
libexecdir='${exec_prefix}/libexec'
localedir='${datarootdir}/locale'
localstatedir='${prefix}/var'
mandir='${datarootdir}/man'
oldincludedir='/usr/include'
pdfdir='${docdir}'
prefix='/usr/local'
program_transform_name='s,x,x,'
psdir='${docdir}'
sbindir='${exec_prefix}/sbin'
sharedstatedir='${prefix}/com'
sysconfdir='${prefix}/etc'
target_alias=''

## ----------- ##
## confdefs.h. ##
## ----------- ##

/* confdefs.h */
#define PACKAGE_NAME "coevol-range"
#define PACKAGE_TARNAME "coevol-range"
#define PACKAGE_VERSION "version-0.1"
#define PACKAGE_STRING "coevol-range version-0.1"
#define PACKAGE_BUGREPORT ""
#define PACKAGE_URL ""
#define HAVE_LIBM 1
#define HAVE_LIBSNDFILE 1
#define STDC_HEADERS 1
#define HAVE_SYS_TYPES_H 1
#define HAVE_SYS_STAT_H 1
#define HAVE_STDLIB_H 1
#define HAVE_STRING_H 1
#define HAVE_MEMORY_H 1
#define HAVE_STRINGS_H 1
#define HAVE_INTTYPES_H 1
#define HAVE_STDINT_H 1
#define HAVE_UNISTD_H 1
#define HAVE_IOSTREAM 1

configure: exit 0
