This file contains any messages produced by compilers while
running configure, to aid debugging if configure makes a mistake.

It was created by coevol-range configure version-0.1, which was
generated by GNU Autoconf 2.69.  Invocation command line was

  $ ./configure 

## --------- ##
## Platform. ##
## --------- ##

hostname = gannet.lan
uname -m = x86_64
uname -r = 14.4.0
uname -s = Darwin
uname -v = Darwin Kernel Version 14.4.0: Thu May 28 11:35:04 PDT 2015; root:xnu-2782.30.5~1/RELEASE_X86_64

/usr/bin/uname -p = i386
/bin/uname -X     = unknown

/bin/arch              = unknown
/usr/bin/arch -k       = unknown
/usr/convex/getsysinfo = unknown
/usr/bin/hostinfo      = Mach kernel version:
	 Darwin Kernel Version 14.4.0: Thu May 28 11:35:04 PDT 2015; root:xnu-2782.30.5~1/RELEASE_X86_64
Kernel configured for up to 2 processors.
2 processors are physically available.
2 processors are logically available.
Processor type: i486 (Intel 80486)
Processors active: 0 1
Primary memory available: 4.00 gigabytes
Default processor set: 164 tasks, 636 threads, 2 processors
Load average: 0.79, Mach factor: 1.20
/bin/machine           = unknown
/usr/bin/oslevel       = unknown
/bin/universe          = unknown

PATH: /usr/local/bin
PATH: /usr/bin
PATH: /bin
PATH: /usr/sbin
PATH: /sbin
PATH: /opt/local/bin
PATH: /opt/local/sbin
PATH: /Library/Frameworks/Python.framework/Versions/2.6/bin
PATH: /Applications/PLT Scheme v4.2/bin


## ----------- ##
## Core tests. ##
## ----------- ##

configure:2105: checking for gcc
configure:2121: found /usr/bin/gcc
configure:2132: result: gcc
configure:2361: checking for C compiler version
configure:2370: gcc --version >&5
Apple LLVM version 6.1.0 (clang-602.0.53) (based on LLVM 3.6.0svn)
Target: x86_64-apple-darwin14.4.0
Thread model: posix
Configured with: --prefix=/Applications/Xcode.app/Contents/Developer/usr --with-gxx-include-dir=/usr/include/c++/4.2.1
configure:2381: $? = 0
configure:2370: gcc -v >&5
Configured with: --prefix=/Applications/Xcode.app/Contents/Developer/usr --with-gxx-include-dir=/usr/include/c++/4.2.1
Apple LLVM version 6.1.0 (clang-602.0.53) (based on LLVM 3.6.0svn)
Target: x86_64-apple-darwin14.4.0
Thread model: posix
configure:2381: $? = 0
configure:2370: gcc -V >&5
clang: error: argument to '-V' is missing (expected 1 value)
clang: error: no input files
configure:2381: $? = 1
configure:2370: gcc -qversion >&5
clang: error: unknown argument: '-qversion'
clang: error: no input files
configure:2381: $? = 1
configure:2401: checking whether the C compiler works
configure:2423: gcc    conftest.c  >&5
configure:2427: $? = 0
configure:2475: result: yes
configure:2478: checking for C compiler default output file name
configure:2480: result: a.out
configure:2486: checking for suffix of executables
configure:2493: gcc -o conftest    conftest.c  >&5
configure:2497: $? = 0
configure:2519: result: 
configure:2541: checking whether we are cross compiling
configure:2549: gcc -o conftest    conftest.c  >&5
configure:2553: $? = 0
configure:2560: ./conftest
configure:2564: $? = 0
configure:2579: result: no
configure:2584: checking for suffix of object files
configure:2606: gcc -c   conftest.c >&5
configure:2610: $? = 0
configure:2631: result: o
configure:2635: checking whether we are using the GNU C compiler
configure:2654: gcc -c   conftest.c >&5
configure:2654: $? = 0
configure:2663: result: yes
configure:2672: checking whether gcc accepts -g
configure:2692: gcc -c -g  conftest.c >&5
configure:2692: $? = 0
configure:2733: result: yes
configure:2750: checking for gcc option to accept ISO C89
configure:2813: gcc  -c -g -O2  conftest.c >&5
configure:2813: $? = 0
configure:2826: result: none needed
configure:2848: checking for cos in -lm
configure:2873: gcc -o conftest -g -O2   conftest.c -lm   >&5
conftest.c:16:6: warning: incompatible redeclaration of library function 'cos' [-Wincompatible-library-redeclaration]
char cos ();
     ^
conftest.c:16:6: note: 'cos' is a builtin with type 'double (double)'
1 warning generated.
configure:2873: $? = 0
configure:2882: result: yes
configure:2893: checking for main in -lportaudio
configure:2912: gcc -o conftest -g -O2   conftest.c -lportaudio  -lm  >&5
ld: library not found for -lportaudio
clang: error: linker command failed with exit code 1 (use -v to see invocation)
configure:2912: $? = 1
configure: failed program was:
| /* confdefs.h */
| #define PACKAGE_NAME "coevol-range"
| #define PACKAGE_TARNAME "coevol-range"
| #define PACKAGE_VERSION "version-0.1"
| #define PACKAGE_STRING "coevol-range version-0.1"
| #define PACKAGE_BUGREPORT ""
| #define PACKAGE_URL ""
| #define HAVE_LIBM 1
| /* end confdefs.h.  */
| 
| 
| int
| main ()
| {
| return main ();
|   ;
|   return 0;
| }
configure:2921: result: no
configure:2932: checking for main in -lsndfile
configure:2951: gcc -o conftest -g -O2   conftest.c -lsndfile  -lm  >&5
ld: library not found for -lsndfile
clang: error: linker command failed with exit code 1 (use -v to see invocation)
configure:2951: $? = 1
configure: failed program was:
| /* confdefs.h */
| #define PACKAGE_NAME "coevol-range"
| #define PACKAGE_TARNAME "coevol-range"
| #define PACKAGE_VERSION "version-0.1"
| #define PACKAGE_STRING "coevol-range version-0.1"
| #define PACKAGE_BUGREPORT ""
| #define PACKAGE_URL ""
| #define HAVE_LIBM 1
| /* end confdefs.h.  */
| 
| 
| int
| main ()
| {
| return main ();
|   ;
|   return 0;
| }
configure:2960: result: no
configure:2970: error: sndfile was not found

## ---------------- ##
## Cache variables. ##
## ---------------- ##

ac_cv_c_compiler_gnu=yes
ac_cv_env_CCC_set=
ac_cv_env_CCC_value=
ac_cv_env_CC_set=
ac_cv_env_CC_value=
ac_cv_env_CFLAGS_set=
ac_cv_env_CFLAGS_value=
ac_cv_env_CPPFLAGS_set=
ac_cv_env_CPPFLAGS_value=
ac_cv_env_CXXCPP_set=
ac_cv_env_CXXCPP_value=
ac_cv_env_CXXFLAGS_set=
ac_cv_env_CXXFLAGS_value=
ac_cv_env_CXX_set=
ac_cv_env_CXX_value=
ac_cv_env_LDFLAGS_set=
ac_cv_env_LDFLAGS_value=
ac_cv_env_LIBS_set=
ac_cv_env_LIBS_value=
ac_cv_env_build_alias_set=
ac_cv_env_build_alias_value=
ac_cv_env_host_alias_set=
ac_cv_env_host_alias_value=
ac_cv_env_target_alias_set=
ac_cv_env_target_alias_value=
ac_cv_lib_m_cos=yes
ac_cv_lib_portaudio_main=no
ac_cv_lib_sndfile_main=no
ac_cv_objext=o
ac_cv_prog_ac_ct_CC=gcc
ac_cv_prog_cc_c89=
ac_cv_prog_cc_g=yes

## ----------------- ##
## Output variables. ##
## ----------------- ##

CC='gcc'
CFLAGS='-g -O2'
CPPFLAGS=''
CXX=''
CXXCPP=''
CXXFLAGS=''
DEFS=''
ECHO_C='\c'
ECHO_N=''
ECHO_T=''
EGREP=''
EXEEXT=''
GREP=''
LDFLAGS=''
LIBOBJS=''
LIBS='-lm '
LTLIBOBJS=''
OBJEXT='o'
PACKAGE_BUGREPORT=''
PACKAGE_NAME='coevol-range'
PACKAGE_STRING='coevol-range version-0.1'
PACKAGE_TARNAME='coevol-range'
PACKAGE_URL=''
PACKAGE_VERSION='version-0.1'
PATH_SEPARATOR=':'
SHELL='/bin/sh'
ac_ct_CC='gcc'
ac_ct_CXX=''
bindir='${exec_prefix}/bin'
build_alias=''
datadir='${datarootdir}'
datarootdir='${prefix}/share'
docdir='${datarootdir}/doc/${PACKAGE_TARNAME}'
dvidir='${docdir}'
exec_prefix='NONE'
host_alias=''
htmldir='${docdir}'
includedir='${prefix}/include'
infodir='${datarootdir}/info'
libdir='${exec_prefix}/lib'
libexecdir='${exec_prefix}/libexec'
localedir='${datarootdir}/locale'
localstatedir='${prefix}/var'
mandir='${datarootdir}/man'
oldincludedir='/usr/include'
pdfdir='${docdir}'
prefix='NONE'
program_transform_name='s,x,x,'
psdir='${docdir}'
sbindir='${exec_prefix}/sbin'
sharedstatedir='${prefix}/com'
sysconfdir='${prefix}/etc'
target_alias=''

## ----------- ##
## confdefs.h. ##
## ----------- ##

/* confdefs.h */
#define PACKAGE_NAME "coevol-range"
#define PACKAGE_TARNAME "coevol-range"
#define PACKAGE_VERSION "version-0.1"
#define PACKAGE_STRING "coevol-range version-0.1"
#define PACKAGE_BUGREPORT ""
#define PACKAGE_URL ""
#define HAVE_LIBM 1

configure: exit 1
